
  .   ____          _            __ _ _
 /\\ / ___'_ __ _ _(_)_ __  __ _ \ \ \ \
( ( )\___ | '_ | '_| | '_ \/ _` | \ \ \ \
 \\/  ___)| |_)| | | | | || (_| |  ) ) ) )
  '  |____| .__|_| |_|_| |_\__, | / / / /
 =========|_|==============|___/=/_/_/_/

 :: Spring Boot ::                (v3.5.0)

2026-03-09T18:25:20.600-05:00  INFO 27076 --- [backend] [           main] c.s.tramites.backend.BackendApplication  : Starting BackendApplication v0.0.1-SNAPSHOT using Java 25.0.2 with PID 27076 (C:\Users\daesloard\Downloads\sistema_tramites\backend\target\backend-0.0.1-SNAPSHOT.jar started by daesloard in C:\Users\daesloard\Downloads\sistema_tramites\backend)
2026-03-09T18:25:20.603-05:00  INFO 27076 --- [backend] [           main] c.s.tramites.backend.BackendApplication  : No active profile set, falling back to 1 default profile: "default"
2026-03-09T18:25:22.212-05:00  INFO 27076 --- [backend] [           main] .s.d.r.c.RepositoryConfigurationDelegate : Bootstrapping Spring Data JPA repositories in DEFAULT mode.
2026-03-09T18:25:22.278-05:00  INFO 27076 --- [backend] [           main] .s.d.r.c.RepositoryConfigurationDelegate : Finished Spring Data repository scanning in 57 ms. Found 5 JPA repository interfaces.
2026-03-09T18:25:23.062-05:00  INFO 27076 --- [backend] [           main] o.s.b.w.embedded.tomcat.TomcatWebServer  : Tomcat initialized with port 8096 (http)
2026-03-09T18:25:23.086-05:00  INFO 27076 --- [backend] [           main] o.apache.catalina.core.StandardService   : Starting service [Tomcat]
2026-03-09T18:25:23.086-05:00  INFO 27076 --- [backend] [           main] o.apache.catalina.core.StandardEngine    : Starting Servlet engine: [Apache Tomcat/10.1.41]
2026-03-09T18:25:23.129-05:00  INFO 27076 --- [backend] [           main] o.a.c.c.C.[Tomcat].[localhost].[/]       : Initializing Spring embedded WebApplicationContext
2026-03-09T18:25:23.130-05:00  INFO 27076 --- [backend] [           main] w.s.c.ServletWebServerApplicationContext : Root WebApplicationContext: initialization completed in 2448 ms
2026-03-09T18:25:23.500-05:00  INFO 27076 --- [backend] [           main] com.zaxxer.hikari.HikariDataSource       : HikariPool-1 - Starting...
2026-03-09T18:25:24.032-05:00  INFO 27076 --- [backend] [           main] com.zaxxer.hikari.pool.HikariPool        : HikariPool-1 - Added connection com.mysql.cj.jdbc.ConnectionImpl@7de5871d
2026-03-09T18:25:24.037-05:00  INFO 27076 --- [backend] [           main] com.zaxxer.hikari.HikariDataSource       : HikariPool-1 - Start completed.
2026-03-09T18:25:24.132-05:00  INFO 27076 --- [backend] [           main] o.hibernate.jpa.internal.util.LogHelper  : HHH000204: Processing PersistenceUnitInfo [name: default]
2026-03-09T18:25:24.196-05:00  INFO 27076 --- [backend] [           main] org.hibernate.Version                    : HHH000412: Hibernate ORM core version 6.6.15.Final
2026-03-09T18:25:24.249-05:00  INFO 27076 --- [backend] [           main] o.h.c.internal.RegionFactoryInitiator    : HHH000026: Second-level cache disabled
2026-03-09T18:25:24.549-05:00  INFO 27076 --- [backend] [           main] o.s.o.j.p.SpringPersistenceUnitInfo      : No LoadTimeWeaver setup: ignoring JPA class transformer
2026-03-09T18:25:24.632-05:00  WARN 27076 --- [backend] [           main] org.hibernate.orm.deprecation            : HHH90000025: MySQL8Dialect does not need to be specified explicitly using 'hibernate.dialect' (remove the property setting and it will be selected by default)
2026-03-09T18:25:24.633-05:00  WARN 27076 --- [backend] [           main] org.hibernate.orm.deprecation            : HHH90000026: MySQL8Dialect has been deprecated; use org.hibernate.dialect.MySQLDialect instead
2026-03-09T18:25:24.643-05:00  INFO 27076 --- [backend] [           main] org.hibernate.orm.connections.pooling    : HHH10001005: Database info:
	Database JDBC URL [Connecting through datasource 'HikariDataSource (HikariPool-1)']
	Database driver: undefined/unknown
	Database version: 8.0
	Autocommit mode: undefined/unknown
	Isolation level: undefined/unknown
	Minimum pool size: undefined/unknown
	Maximum pool size: undefined/unknown
2026-03-09T18:25:25.552-05:00  INFO 27076 --- [backend] [           main] o.h.e.t.j.p.i.JtaPlatformInitiator       : HHH000489: No JTA platform available (set 'hibernate.transaction.jta.platform' to enable JTA platform integration)
2026-03-09T18:25:25.630-05:00  INFO 27076 --- [backend] [           main] j.LocalContainerEntityManagerFactoryBean : Initialized JPA EntityManagerFactory for persistence unit 'default'
2026-03-09T18:25:26.018-05:00  INFO 27076 --- [backend] [           main] o.s.d.j.r.query.QueryEnhancerFactory     : Hibernate is in classpath; If applicable, HQL parser will be used.
2026-03-09T18:25:26.823-05:00  WARN 27076 --- [backend] [           main] JpaBaseConfiguration$JpaWebConfiguration : spring.jpa.open-in-view is enabled by default. Therefore, database queries may be performed during view rendering. Explicitly configure spring.jpa.open-in-view to disable this warning
2026-03-09T18:25:26.845-05:00  INFO 27076 --- [backend] [           main] o.s.b.a.w.s.WelcomePageHandlerMapping    : Adding welcome page: class path resource [static/index.html]
2026-03-09T18:25:27.169-05:00  INFO 27076 --- [backend] [           main] o.s.b.a.e.web.EndpointLinksResolver      : Exposing 4 endpoints beneath base path '/actuator'
2026-03-09T18:25:27.216-05:00  WARN 27076 --- [backend] [           main] .s.s.UserDetailsServiceAutoConfiguration : 

Using generated security password: 47ee7506-c83b-4a0f-a9c6-3810c324cd1f

This generated password is for development use only. Your security configuration must be updated before running your application in production.

2026-03-09T18:25:27.226-05:00  INFO 27076 --- [backend] [           main] r$InitializeUserDetailsManagerConfigurer : Global AuthenticationManager configured with UserDetailsService bean with name inMemoryUserDetailsManager
2026-03-09T18:25:27.675-05:00  INFO 27076 --- [backend] [           main] o.s.b.w.embedded.tomcat.TomcatWebServer  : Tomcat started on port 8096 (http) with context path '/'
2026-03-09T18:25:27.689-05:00  INFO 27076 --- [backend] [           main] c.s.tramites.backend.BackendApplication  : Started BackendApplication in 7.521 seconds (process running for 8.135)
? InicializaciÂľn de datos completada
2026-03-09T18:25:35.665-05:00  INFO 27076 --- [backend] [nio-8096-exec-1] o.a.c.c.C.[Tomcat].[localhost].[/]       : Initializing Spring DispatcherServlet 'dispatcherServlet'
2026-03-09T18:25:35.666-05:00  INFO 27076 --- [backend] [nio-8096-exec-1] o.s.web.servlet.DispatcherServlet        : Initializing Servlet 'dispatcherServlet'
2026-03-09T18:25:35.666-05:00  INFO 27076 --- [backend] [nio-8096-exec-1] o.s.web.servlet.DispatcherServlet        : Completed initialization in 0 ms
2026-03-09T18:25:37.250-05:00  INFO 27076 --- [backend] [   mail-async-2] c.sistema.tramites.backend.EmailService  : Â­Ć’Ă´Âş Enviando notificaciâ”śâ”‚n de verificaciâ”śâ”‚n a: verificador@municipio.gov.co
2026-03-09T18:25:37.257-05:00  INFO 27076 --- [backend] [   mail-async-1] c.sistema.tramites.backend.EmailService  : Â­Ć’Ă´Âş Enviando email de confirmaciâ”śâ”‚n a: beta.fix.182537@test.com
2026-03-09T18:25:37.270-05:00  INFO 27076 --- [backend] [  drive-async-1] c.s.t.b.SolicitudResidenciaAsyncService  : Carga asincrona de documentacion completada. Trâ”śĂ­mite=88 duracion=34ms
2026-03-09T18:25:43.058-05:00  WARN 27076 --- [backend] [    pdf-async-1] c.s.t.backend.DocumentoGeneradoService   : No fue posible aplicar firma digital criptogrâ”śĂ­fica al PDF: PdfReader not opened with owner password
2026-03-09T18:25:43.090-05:00  INFO 27076 --- [backend] [    pdf-async-1] t.b.CertificadoPreGeneracionAsyncService : Pre-generaciâ”śâ”‚n de certificado completada. Trâ”śĂ­mite=88 duracion=5198ms
2026-03-09T18:25:43.120-05:00  INFO 27076 --- [backend] [    pdf-async-1] c.s.t.b.CertificadoPostFirmaAsyncService : Post-firma completada. Trâ”śĂ­mite=88 modo=async duracion=28ms
2026-03-09T18:25:49.624-05:00  INFO 27076 --- [backend] [   mail-async-2] c.sistema.tramites.backend.EmailService  : Ă”ÂŁĂ  Notificaciâ”śâ”‚n de verificaciâ”śâ”‚n enviada a: verificador@municipio.gov.co
2026-03-09T18:25:49.625-05:00  INFO 27076 --- [backend] [   mail-async-2] c.sistema.tramites.backend.EmailService  : Â­Ć’Ă´Âş Enviando email de resultado (APROBADO) a: beta.fix.182537@test.com
2026-03-09T18:25:50.174-05:00  INFO 27076 --- [backend] [   mail-async-1] c.sistema.tramites.backend.EmailService  : Ă”ÂŁĂ  Email de confirmaciâ”śâ”‚n enviado exitosamente a: beta.fix.182537@test.com
2026-03-09T18:26:03.306-05:00  INFO 27076 --- [backend] [   mail-async-2] c.sistema.tramites.backend.EmailService  : Ă”ÂŁĂ  Email de resultado (APROBADO) enviado a: beta.fix.182537@test.com
