
  .   ____          _            __ _ _
 /\\ / ___'_ __ _ _(_)_ __  __ _ \ \ \ \
( ( )\___ | '_ | '_| | '_ \/ _` | \ \ \ \
 \\/  ___)| |_)| | | | | || (_| |  ) ) ) )
  '  |____| .__|_| |_|_| |_\__, | / / / /
 =========|_|==============|___/=/_/_/_/

 :: Spring Boot ::                (v3.5.0)

2026-03-09T17:42:28.296-05:00  INFO 14028 --- [backend] [           main] c.s.tramites.backend.BackendApplication  : Starting BackendApplication v0.0.1-SNAPSHOT using Java 25.0.2 with PID 14028 (C:\Users\daesloard\Downloads\sistema_tramites\backend\target\backend-0.0.1-SNAPSHOT.jar started by daesloard in C:\Users\daesloard\Downloads\sistema_tramites\backend)
2026-03-09T17:42:28.297-05:00  INFO 14028 --- [backend] [           main] c.s.tramites.backend.BackendApplication  : No active profile set, falling back to 1 default profile: "default"
2026-03-09T17:42:29.642-05:00  INFO 14028 --- [backend] [           main] .s.d.r.c.RepositoryConfigurationDelegate : Bootstrapping Spring Data JPA repositories in DEFAULT mode.
2026-03-09T17:42:29.712-05:00  INFO 14028 --- [backend] [           main] .s.d.r.c.RepositoryConfigurationDelegate : Finished Spring Data repository scanning in 60 ms. Found 5 JPA repository interfaces.
2026-03-09T17:42:30.502-05:00  INFO 14028 --- [backend] [           main] o.s.b.w.embedded.tomcat.TomcatWebServer  : Tomcat initialized with port 8096 (http)
2026-03-09T17:42:30.527-05:00  INFO 14028 --- [backend] [           main] o.apache.catalina.core.StandardService   : Starting service [Tomcat]
2026-03-09T17:42:30.528-05:00  INFO 14028 --- [backend] [           main] o.apache.catalina.core.StandardEngine    : Starting Servlet engine: [Apache Tomcat/10.1.41]
2026-03-09T17:42:30.570-05:00  INFO 14028 --- [backend] [           main] o.a.c.c.C.[Tomcat].[localhost].[/]       : Initializing Spring embedded WebApplicationContext
2026-03-09T17:42:30.571-05:00  INFO 14028 --- [backend] [           main] w.s.c.ServletWebServerApplicationContext : Root WebApplicationContext: initialization completed in 2205 ms
2026-03-09T17:42:30.899-05:00  INFO 14028 --- [backend] [           main] com.zaxxer.hikari.HikariDataSource       : HikariPool-1 - Starting...
2026-03-09T17:42:31.401-05:00  INFO 14028 --- [backend] [           main] com.zaxxer.hikari.pool.HikariPool        : HikariPool-1 - Added connection com.mysql.cj.jdbc.ConnectionImpl@6dece1f9
2026-03-09T17:42:31.404-05:00  INFO 14028 --- [backend] [           main] com.zaxxer.hikari.HikariDataSource       : HikariPool-1 - Start completed.
2026-03-09T17:42:31.516-05:00  INFO 14028 --- [backend] [           main] o.hibernate.jpa.internal.util.LogHelper  : HHH000204: Processing PersistenceUnitInfo [name: default]
2026-03-09T17:42:31.634-05:00  INFO 14028 --- [backend] [           main] org.hibernate.Version                    : HHH000412: Hibernate ORM core version 6.6.15.Final
2026-03-09T17:42:31.693-05:00  INFO 14028 --- [backend] [           main] o.h.c.internal.RegionFactoryInitiator    : HHH000026: Second-level cache disabled
2026-03-09T17:42:31.984-05:00  INFO 14028 --- [backend] [           main] o.s.o.j.p.SpringPersistenceUnitInfo      : No LoadTimeWeaver setup: ignoring JPA class transformer
2026-03-09T17:42:32.068-05:00  WARN 14028 --- [backend] [           main] org.hibernate.orm.deprecation            : HHH90000025: MySQL8Dialect does not need to be specified explicitly using 'hibernate.dialect' (remove the property setting and it will be selected by default)
2026-03-09T17:42:32.071-05:00  WARN 14028 --- [backend] [           main] org.hibernate.orm.deprecation            : HHH90000026: MySQL8Dialect has been deprecated; use org.hibernate.dialect.MySQLDialect instead
2026-03-09T17:42:32.084-05:00  INFO 14028 --- [backend] [           main] org.hibernate.orm.connections.pooling    : HHH10001005: Database info:
	Database JDBC URL [Connecting through datasource 'HikariDataSource (HikariPool-1)']
	Database driver: undefined/unknown
	Database version: 8.0
	Autocommit mode: undefined/unknown
	Isolation level: undefined/unknown
	Minimum pool size: undefined/unknown
	Maximum pool size: undefined/unknown
2026-03-09T17:42:33.032-05:00  INFO 14028 --- [backend] [           main] o.h.e.t.j.p.i.JtaPlatformInitiator       : HHH000489: No JTA platform available (set 'hibernate.transaction.jta.platform' to enable JTA platform integration)
2026-03-09T17:42:33.109-05:00  INFO 14028 --- [backend] [           main] j.LocalContainerEntityManagerFactoryBean : Initialized JPA EntityManagerFactory for persistence unit 'default'
2026-03-09T17:42:33.523-05:00  INFO 14028 --- [backend] [           main] o.s.d.j.r.query.QueryEnhancerFactory     : Hibernate is in classpath; If applicable, HQL parser will be used.
2026-03-09T17:42:34.679-05:00  WARN 14028 --- [backend] [           main] JpaBaseConfiguration$JpaWebConfiguration : spring.jpa.open-in-view is enabled by default. Therefore, database queries may be performed during view rendering. Explicitly configure spring.jpa.open-in-view to disable this warning
2026-03-09T17:42:34.704-05:00  INFO 14028 --- [backend] [           main] o.s.b.a.w.s.WelcomePageHandlerMapping    : Adding welcome page: class path resource [static/index.html]
2026-03-09T17:42:34.991-05:00  INFO 14028 --- [backend] [           main] o.s.b.a.e.web.EndpointLinksResolver      : Exposing 4 endpoints beneath base path '/actuator'
2026-03-09T17:42:35.027-05:00  WARN 14028 --- [backend] [           main] .s.s.UserDetailsServiceAutoConfiguration : 

Using generated security password: e4449fca-bcb3-4112-a4de-132035107a1f

This generated password is for development use only. Your security configuration must be updated before running your application in production.

2026-03-09T17:42:35.037-05:00  INFO 14028 --- [backend] [           main] r$InitializeUserDetailsManagerConfigurer : Global AuthenticationManager configured with UserDetailsService bean with name inMemoryUserDetailsManager
2026-03-09T17:42:35.427-05:00  INFO 14028 --- [backend] [           main] o.s.b.w.embedded.tomcat.TomcatWebServer  : Tomcat started on port 8096 (http) with context path '/'
2026-03-09T17:42:35.444-05:00  INFO 14028 --- [backend] [           main] c.s.tramites.backend.BackendApplication  : Started BackendApplication in 7.765 seconds (process running for 8.559)
? InicializaciÂľn de datos completada
2026-03-09T17:42:40.282-05:00  INFO 14028 --- [backend] [nio-8096-exec-1] o.a.c.c.C.[Tomcat].[localhost].[/]       : Initializing Spring DispatcherServlet 'dispatcherServlet'
2026-03-09T17:42:40.282-05:00  INFO 14028 --- [backend] [nio-8096-exec-1] o.s.web.servlet.DispatcherServlet        : Initializing Servlet 'dispatcherServlet'
2026-03-09T17:42:40.284-05:00  INFO 14028 --- [backend] [nio-8096-exec-1] o.s.web.servlet.DispatcherServlet        : Completed initialization in 2 ms
2026-03-09T17:43:15.302-05:00  INFO 14028 --- [backend] [   mail-async-2] c.sistema.tramites.backend.EmailService  : Â­Ć’Ă´Âş Enviando notificaciâ”śâ”‚n de verificaciâ”śâ”‚n a: verificador@municipio.gov.co
2026-03-09T17:43:15.302-05:00  INFO 14028 --- [backend] [   mail-async-1] c.sistema.tramites.backend.EmailService  : Â­Ć’Ă´Âş Enviando email de confirmaciâ”śâ”‚n a: debug.fix.174315@test.com
2026-03-09T17:43:15.319-05:00  INFO 14028 --- [backend] [  drive-async-1] c.s.t.b.SolicitudResidenciaAsyncService  : Carga asincrona de documentacion completada. Trâ”śĂ­mite=80 duracion=30ms
2026-03-09T17:43:18.362-05:00  WARN 14028 --- [backend] [    pdf-async-1] c.s.t.backend.DocumentoGeneradoService   : No fue posible aplicar firma digital criptogrâ”śĂ­fica al PDF: PdfReader not opened with owner password
2026-03-09T17:43:18.411-05:00  INFO 14028 --- [backend] [    pdf-async-1] t.b.CertificadoPreGeneracionAsyncService : Pre-generaciâ”śâ”‚n de certificado completada. Trâ”śĂ­mite=80 duracion=2321ms
2026-03-09T17:43:18.455-05:00  INFO 14028 --- [backend] [    pdf-async-1] c.s.t.b.CertificadoPostFirmaAsyncService : Post-firma completada. Trâ”śĂ­mite=80 modo=async duracion=44ms
2026-03-09T17:43:27.711-05:00  INFO 14028 --- [backend] [   mail-async-1] c.sistema.tramites.backend.EmailService  : Ă”ÂŁĂ  Email de confirmaciâ”śâ”‚n enviado exitosamente a: debug.fix.174315@test.com
2026-03-09T17:43:27.714-05:00  INFO 14028 --- [backend] [   mail-async-1] c.sistema.tramites.backend.EmailService  : Â­Ć’Ă´Âş Enviando email de resultado (APROBADO) a: debug.fix.174315@test.com
2026-03-09T17:43:28.211-05:00  INFO 14028 --- [backend] [   mail-async-2] c.sistema.tramites.backend.EmailService  : Ă”ÂŁĂ  Notificaciâ”śâ”‚n de verificaciâ”śâ”‚n enviada a: verificador@municipio.gov.co
2026-03-09T17:43:40.893-05:00  INFO 14028 --- [backend] [   mail-async-1] c.sistema.tramites.backend.EmailService  : Ă”ÂŁĂ  Email de resultado (APROBADO) enviado a: debug.fix.174315@test.com
2026-03-09T17:43:42.008-05:00  INFO 14028 --- [backend] [   mail-async-2] c.sistema.tramites.backend.EmailService  : Â­Ć’Ă´Âş Enviando email de confirmaciâ”śâ”‚n a: jac.mergefix.174341@test.com
2026-03-09T17:43:42.008-05:00  INFO 14028 --- [backend] [   mail-async-1] c.sistema.tramites.backend.EmailService  : Â­Ć’Ă´Âş Enviando notificaciâ”śâ”‚n de verificaciâ”śâ”‚n a: verificador@municipio.gov.co
2026-03-09T17:43:42.009-05:00  INFO 14028 --- [backend] [  drive-async-1] c.s.t.b.SolicitudResidenciaAsyncService  : Carga asincrona de documentacion completada. Trâ”śĂ­mite=81 duracion=9ms
2026-03-09T17:43:42.943-05:00  WARN 14028 --- [backend] [    pdf-async-1] c.s.t.backend.DocumentoGeneradoService   : No fue posible aplicar firma digital criptogrâ”śĂ­fica al PDF: PdfReader not opened with owner password
2026-03-09T17:43:42.983-05:00  INFO 14028 --- [backend] [    pdf-async-1] t.b.CertificadoPreGeneracionAsyncService : Pre-generaciâ”śâ”‚n de certificado completada. Trâ”śĂ­mite=81 duracion=609ms
2026-03-09T17:43:43.037-05:00  INFO 14028 --- [backend] [    pdf-async-1] c.s.t.b.CertificadoPostFirmaAsyncService : Post-firma completada. Trâ”śĂ­mite=81 modo=async duracion=53ms
2026-03-09T17:43:50.609-05:00  INFO 14028 --- [backend] [  drive-async-1] c.s.t.b.SolicitudResidenciaAsyncService  : Carga asincrona de documentacion completada. Trâ”śĂ­mite=82 duracion=7ms
2026-03-09T17:43:51.562-05:00  WARN 14028 --- [backend] [    pdf-async-1] c.s.t.backend.DocumentoGeneradoService   : No fue posible aplicar firma digital criptogrâ”śĂ­fica al PDF: PdfReader not opened with owner password
2026-03-09T17:43:51.580-05:00  INFO 14028 --- [backend] [    pdf-async-1] t.b.CertificadoPreGeneracionAsyncService : Pre-generaciâ”śâ”‚n de certificado completada. Trâ”śĂ­mite=82 duracion=621ms
2026-03-09T17:43:51.609-05:00  INFO 14028 --- [backend] [    pdf-async-1] c.s.t.b.CertificadoPostFirmaAsyncService : Post-firma completada. Trâ”śĂ­mite=82 modo=async duracion=28ms
2026-03-09T17:43:54.207-05:00  INFO 14028 --- [backend] [   mail-async-1] c.sistema.tramites.backend.EmailService  : Ă”ÂŁĂ  Notificaciâ”śâ”‚n de verificaciâ”śâ”‚n enviada a: verificador@municipio.gov.co
2026-03-09T17:43:54.207-05:00  INFO 14028 --- [backend] [   mail-async-1] c.sistema.tramites.backend.EmailService  : Â­Ć’Ă´Âş Enviando email de resultado (APROBADO) a: jac.mergefix.174341@test.com
2026-03-09T17:43:54.561-05:00  INFO 14028 --- [backend] [   mail-async-2] c.sistema.tramites.backend.EmailService  : Ă”ÂŁĂ  Email de confirmaciâ”śâ”‚n enviado exitosamente a: jac.mergefix.174341@test.com
2026-03-09T17:43:54.562-05:00  INFO 14028 --- [backend] [   mail-async-2] c.sistema.tramites.backend.EmailService  : Â­Ć’Ă´Âş Enviando email de confirmaciâ”śâ”‚n a: electoral.mergefix.174350@test.com
2026-03-09T17:43:59.211-05:00  INFO 14028 --- [backend] [  drive-async-1] c.s.t.b.SolicitudResidenciaAsyncService  : Carga asincrona de documentacion completada. Trâ”śĂ­mite=83 duracion=8ms
2026-03-09T17:44:00.730-05:00  WARN 14028 --- [backend] [    pdf-async-1] c.s.t.backend.DocumentoGeneradoService   : No fue posible aplicar firma digital criptogrâ”śĂ­fica al PDF: PdfReader not opened with owner password
2026-03-09T17:44:00.750-05:00  INFO 14028 --- [backend] [    pdf-async-1] t.b.CertificadoPreGeneracionAsyncService : Pre-generaciâ”śâ”‚n de certificado completada. Trâ”śĂ­mite=83 duracion=1108ms
2026-03-09T17:44:00.789-05:00  INFO 14028 --- [backend] [    pdf-async-1] c.s.t.b.CertificadoPostFirmaAsyncService : Post-firma completada. Trâ”śĂ­mite=83 modo=async duracion=38ms
2026-03-09T17:44:06.793-05:00  INFO 14028 --- [backend] [   mail-async-2] c.sistema.tramites.backend.EmailService  : Ă”ÂŁĂ  Email de confirmaciâ”śâ”‚n enviado exitosamente a: electoral.mergefix.174350@test.com
2026-03-09T17:44:06.793-05:00  INFO 14028 --- [backend] [   mail-async-2] c.sistema.tramites.backend.EmailService  : Â­Ć’Ă´Âş Enviando notificaciâ”śâ”‚n de verificaciâ”śâ”‚n a: verificador@municipio.gov.co
2026-03-09T17:44:07.806-05:00  INFO 14028 --- [backend] [  drive-async-1] c.s.t.b.SolicitudResidenciaAsyncService  : Carga asincrona de documentacion completada. Trâ”śĂ­mite=84 duracion=6ms
2026-03-09T17:44:07.980-05:00  INFO 14028 --- [backend] [   mail-async-1] c.sistema.tramites.backend.EmailService  : Ă”ÂŁĂ  Email de resultado (APROBADO) enviado a: jac.mergefix.174341@test.com
2026-03-09T17:44:07.981-05:00  INFO 14028 --- [backend] [   mail-async-1] c.sistema.tramites.backend.EmailService  : Â­Ć’Ă´Âş Enviando email de resultado (APROBADO) a: electoral.mergefix.174350@test.com
2026-03-09T17:44:08.777-05:00  WARN 14028 --- [backend] [    pdf-async-1] c.s.t.backend.DocumentoGeneradoService   : No fue posible aplicar firma digital criptogrâ”śĂ­fica al PDF: PdfReader not opened with owner password
2026-03-09T17:44:08.801-05:00  INFO 14028 --- [backend] [    pdf-async-1] c.s.t.b.CertificadoPostFirmaAsyncService : Post-firma completada. Trâ”śĂ­mite=84 modo=async duracion=549ms
2026-03-09T17:44:19.745-05:00  INFO 14028 --- [backend] [   mail-async-2] c.sistema.tramites.backend.EmailService  : Ă”ÂŁĂ  Notificaciâ”śâ”‚n de verificaciâ”śâ”‚n enviada a: verificador@municipio.gov.co
2026-03-09T17:44:19.745-05:00  INFO 14028 --- [backend] [   mail-async-2] c.sistema.tramites.backend.EmailService  : Â­Ć’Ă´Âş Enviando email de confirmaciâ”śâ”‚n a: sisben.mergefix.174359@test.com
2026-03-09T17:44:20.725-05:00  INFO 14028 --- [backend] [   mail-async-1] c.sistema.tramites.backend.EmailService  : Ă”ÂŁĂ  Email de resultado (APROBADO) enviado a: electoral.mergefix.174350@test.com
2026-03-09T17:44:20.725-05:00  INFO 14028 --- [backend] [   mail-async-1] c.sistema.tramites.backend.EmailService  : Â­Ć’Ă´Âş Enviando notificaciâ”śâ”‚n de verificaciâ”śâ”‚n a: verificador@municipio.gov.co
2026-03-09T17:44:31.704-05:00  INFO 14028 --- [backend] [   mail-async-2] c.sistema.tramites.backend.EmailService  : Ă”ÂŁĂ  Email de confirmaciâ”śâ”‚n enviado exitosamente a: sisben.mergefix.174359@test.com
2026-03-09T17:44:31.704-05:00  INFO 14028 --- [backend] [   mail-async-2] c.sistema.tramites.backend.EmailService  : Â­Ć’Ă´Âş Enviando email de resultado (APROBADO) a: sisben.mergefix.174359@test.com
2026-03-09T17:44:33.152-05:00  INFO 14028 --- [backend] [   mail-async-1] c.sistema.tramites.backend.EmailService  : Ă”ÂŁĂ  Notificaciâ”śâ”‚n de verificaciâ”śâ”‚n enviada a: verificador@municipio.gov.co
2026-03-09T17:44:33.153-05:00  INFO 14028 --- [backend] [   mail-async-1] c.sistema.tramites.backend.EmailService  : Â­Ć’Ă´Âş Enviando email de confirmaciâ”śâ”‚n a: negativa.mergefix.174407@test.com
2026-03-09T17:44:45.685-05:00  INFO 14028 --- [backend] [   mail-async-2] c.sistema.tramites.backend.EmailService  : Ă”ÂŁĂ  Email de resultado (APROBADO) enviado a: sisben.mergefix.174359@test.com
2026-03-09T17:44:45.685-05:00  INFO 14028 --- [backend] [   mail-async-2] c.sistema.tramites.backend.EmailService  : Â­Ć’Ă´Âş Enviando notificaciâ”śâ”‚n de verificaciâ”śâ”‚n a: verificador@municipio.gov.co
2026-03-09T17:44:45.714-05:00  INFO 14028 --- [backend] [   mail-async-1] c.sistema.tramites.backend.EmailService  : Ă”ÂŁĂ  Email de confirmaciâ”śâ”‚n enviado exitosamente a: negativa.mergefix.174407@test.com
2026-03-09T17:44:45.714-05:00  INFO 14028 --- [backend] [   mail-async-1] c.sistema.tramites.backend.EmailService  : Ă”Ă…Â©Â´Â©Ă… Envâ”śÂˇo de correo de rechazo deshabilitado por configuraciâ”śâ”‚n. Radicado=RES-20260309174407
2026-03-09T17:44:58.570-05:00  INFO 14028 --- [backend] [   mail-async-2] c.sistema.tramites.backend.EmailService  : Ă”ÂŁĂ  Notificaciâ”śâ”‚n de verificaciâ”śâ”‚n enviada a: verificador@municipio.gov.co
