[INFO] Scanning for projects...
[INFO] 
[INFO] --------------------< com.sistema.tramites:backend >--------------------
[INFO] Building backend 0.0.1-SNAPSHOT
[INFO]   from pom.xml
[INFO] --------------------------------[ jar ]---------------------------------
[INFO] 
[INFO] --- resources:3.3.1:resources (default-resources) @ backend ---
[INFO] Copying 1 resource from src\main\resources to target\classes
[INFO] Copying 24 resources from src\main\resources to target\classes
[INFO] 
[INFO] --- compiler:3.14.0:compile (default-compile) @ backend ---
[INFO] Recompiling the module because of changed source code.
[INFO] Compiling 55 source files with javac [debug parameters release 21] to target\classes
[INFO] /C:/Users/daesloard/Downloads/sistema_tramites/backend/src/main/java/com/sistema/tramites/backend/DocumentoGeneradoService.java: Some input files use or override a deprecated API.
[INFO] /C:/Users/daesloard/Downloads/sistema_tramites/backend/src/main/java/com/sistema/tramites/backend/DocumentoGeneradoService.java: Recompile with -Xlint:deprecation for details.
[INFO] -------------------------------------------------------------
[ERROR] COMPILATION ERROR : 
[INFO] -------------------------------------------------------------
[ERROR] /C:/Users/daesloard/Downloads/sistema_tramites/backend/src/main/java/com/sistema/tramites/backend/DocumentoGeneradoService.java:[105,19] cannot find symbol
  symbol:   class HttpClient
  location: class com.sistema.tramites.backend.DocumentoGeneradoService
[ERROR] /C:/Users/daesloard/Downloads/sistema_tramites/backend/src/main/java/com/sistema/tramites/backend/DocumentoGeneradoService.java:[107,22] cannot find symbol
  symbol:   class PhysicalFont
  location: class com.sistema.tramites.backend.DocumentoGeneradoService
[ERROR] /C:/Users/daesloard/Downloads/sistema_tramites/backend/src/main/java/com/sistema/tramites/backend/DocumentoGeneradoService.java:[108,22] cannot find symbol
  symbol:   class PhysicalFont
  location: class com.sistema.tramites.backend.DocumentoGeneradoService
[ERROR] /C:/Users/daesloard/Downloads/sistema_tramites/backend/src/main/java/com/sistema/tramites/backend/DocumentoGeneradoService.java:[501,18] cannot find symbol
  symbol:   class MarcadorRegex
  location: class com.sistema.tramites.backend.DocumentoGeneradoService
[ERROR] /C:/Users/daesloard/Downloads/sistema_tramites/backend/src/main/java/com/sistema/tramites/backend/DocumentoGeneradoService.java:[154,36] cannot find symbol
  symbol:   variable HttpClient
  location: class com.sistema.tramites.backend.DocumentoGeneradoService
[ERROR] /C:/Users/daesloard/Downloads/sistema_tramites/backend/src/main/java/com/sistema/tramites/backend/DocumentoGeneradoService.java:[493,14] cannot find symbol
  symbol:   class MarcadorRegex
  location: class com.sistema.tramites.backend.DocumentoGeneradoService
[ERROR] /C:/Users/daesloard/Downloads/sistema_tramites/backend/src/main/java/com/sistema/tramites/backend/DocumentoGeneradoService.java:[494,14] cannot find symbol
  symbol:   class MarcadorRegex
  location: class com.sistema.tramites.backend.DocumentoGeneradoService
[ERROR] /C:/Users/daesloard/Downloads/sistema_tramites/backend/src/main/java/com/sistema/tramites/backend/DocumentoGeneradoService.java:[512,21] cannot find symbol
  symbol:   class MarcadorRegex
  location: class com.sistema.tramites.backend.DocumentoGeneradoService
[ERROR] /C:/Users/daesloard/Downloads/sistema_tramites/backend/src/main/java/com/sistema/tramites/backend/DocumentoGeneradoService.java:[513,21] cannot find symbol
  symbol:   class MarcadorRegex
  location: class com.sistema.tramites.backend.DocumentoGeneradoService
[ERROR] /C:/Users/daesloard/Downloads/sistema_tramites/backend/src/main/java/com/sistema/tramites/backend/DocumentoGeneradoService.java:[514,21] cannot find symbol
  symbol:   class MarcadorRegex
  location: class com.sistema.tramites.backend.DocumentoGeneradoService
[ERROR] /C:/Users/daesloard/Downloads/sistema_tramites/backend/src/main/java/com/sistema/tramites/backend/DocumentoGeneradoService.java:[515,21] cannot find symbol
  symbol:   class MarcadorRegex
  location: class com.sistema.tramites.backend.DocumentoGeneradoService
[ERROR] /C:/Users/daesloard/Downloads/sistema_tramites/backend/src/main/java/com/sistema/tramites/backend/DocumentoGeneradoService.java:[516,21] cannot find symbol
  symbol:   class MarcadorRegex
  location: class com.sistema.tramites.backend.DocumentoGeneradoService
[ERROR] /C:/Users/daesloard/Downloads/sistema_tramites/backend/src/main/java/com/sistema/tramites/backend/DocumentoGeneradoService.java:[517,21] cannot find symbol
  symbol:   class MarcadorRegex
  location: class com.sistema.tramites.backend.DocumentoGeneradoService
[ERROR] /C:/Users/daesloard/Downloads/sistema_tramites/backend/src/main/java/com/sistema/tramites/backend/DocumentoGeneradoService.java:[518,21] cannot find symbol
  symbol:   class MarcadorRegex
  location: class com.sistema.tramites.backend.DocumentoGeneradoService
[ERROR] /C:/Users/daesloard/Downloads/sistema_tramites/backend/src/main/java/com/sistema/tramites/backend/DocumentoGeneradoService.java:[519,21] cannot find symbol
  symbol:   class MarcadorRegex
  location: class com.sistema.tramites.backend.DocumentoGeneradoService
[ERROR] /C:/Users/daesloard/Downloads/sistema_tramites/backend/src/main/java/com/sistema/tramites/backend/DocumentoGeneradoService.java:[520,21] cannot find symbol
  symbol:   class MarcadorRegex
  location: class com.sistema.tramites.backend.DocumentoGeneradoService
[ERROR] /C:/Users/daesloard/Downloads/sistema_tramites/backend/src/main/java/com/sistema/tramites/backend/DocumentoGeneradoService.java:[521,21] cannot find symbol
  symbol:   class MarcadorRegex
  location: class com.sistema.tramites.backend.DocumentoGeneradoService
[ERROR] /C:/Users/daesloard/Downloads/sistema_tramites/backend/src/main/java/com/sistema/tramites/backend/DocumentoGeneradoService.java:[522,21] cannot find symbol
  symbol:   class MarcadorRegex
  location: class com.sistema.tramites.backend.DocumentoGeneradoService
[ERROR] /C:/Users/daesloard/Downloads/sistema_tramites/backend/src/main/java/com/sistema/tramites/backend/DocumentoGeneradoService.java:[523,21] cannot find symbol
  symbol:   class MarcadorRegex
  location: class com.sistema.tramites.backend.DocumentoGeneradoService
[ERROR] /C:/Users/daesloard/Downloads/sistema_tramites/backend/src/main/java/com/sistema/tramites/backend/DocumentoGeneradoService.java:[524,21] cannot find symbol
  symbol:   class MarcadorRegex
  location: class com.sistema.tramites.backend.DocumentoGeneradoService
[ERROR] /C:/Users/daesloard/Downloads/sistema_tramites/backend/src/main/java/com/sistema/tramites/backend/DocumentoGeneradoService.java:[525,21] cannot find symbol
  symbol:   class MarcadorRegex
  location: class com.sistema.tramites.backend.DocumentoGeneradoService
[ERROR] /C:/Users/daesloard/Downloads/sistema_tramites/backend/src/main/java/com/sistema/tramites/backend/DocumentoGeneradoService.java:[526,21] cannot find symbol
  symbol:   class MarcadorRegex
  location: class com.sistema.tramites.backend.DocumentoGeneradoService
[ERROR] /C:/Users/daesloard/Downloads/sistema_tramites/backend/src/main/java/com/sistema/tramites/backend/DocumentoGeneradoService.java:[527,21] cannot find symbol
  symbol:   class MarcadorRegex
  location: class com.sistema.tramites.backend.DocumentoGeneradoService
[ERROR] /C:/Users/daesloard/Downloads/sistema_tramites/backend/src/main/java/com/sistema/tramites/backend/DocumentoGeneradoService.java:[528,21] cannot find symbol
  symbol:   class MarcadorRegex
  location: class com.sistema.tramites.backend.DocumentoGeneradoService
[ERROR] /C:/Users/daesloard/Downloads/sistema_tramites/backend/src/main/java/com/sistema/tramites/backend/DocumentoGeneradoService.java:[529,21] cannot find symbol
  symbol:   class MarcadorRegex
  location: class com.sistema.tramites.backend.DocumentoGeneradoService
[ERROR] /C:/Users/daesloard/Downloads/sistema_tramites/backend/src/main/java/com/sistema/tramites/backend/DocumentoGeneradoService.java:[530,21] cannot find symbol
  symbol:   class MarcadorRegex
  location: class com.sistema.tramites.backend.DocumentoGeneradoService
[ERROR] /C:/Users/daesloard/Downloads/sistema_tramites/backend/src/main/java/com/sistema/tramites/backend/DocumentoGeneradoService.java:[761,14] cannot find symbol
  symbol:   class MarcadorRegex
  location: class com.sistema.tramites.backend.DocumentoGeneradoService
[ERROR] /C:/Users/daesloard/Downloads/sistema_tramites/backend/src/main/java/com/sistema/tramites/backend/DocumentoGeneradoService.java:[762,14] cannot find symbol
  symbol:   class MarcadorRegex
  location: class com.sistema.tramites.backend.DocumentoGeneradoService
[INFO] 28 errors 
[INFO] -------------------------------------------------------------
[INFO] ------------------------------------------------------------------------
[INFO] BUILD FAILURE
[INFO] ------------------------------------------------------------------------
[INFO] Total time:  4.624 s
[INFO] Finished at: 2026-03-09T17:52:28-05:00
[INFO] ------------------------------------------------------------------------
[ERROR] Failed to execute goal org.apache.maven.plugins:maven-compiler-plugin:3.14.0:compile (default-compile) on project backend: Compilation failure: Compilation failure: 
[ERROR] /C:/Users/daesloard/Downloads/sistema_tramites/backend/src/main/java/com/sistema/tramites/backend/DocumentoGeneradoService.java:[105,19] cannot find symbol
[ERROR]   symbol:   class HttpClient
[ERROR]   location: class com.sistema.tramites.backend.DocumentoGeneradoService
[ERROR] /C:/Users/daesloard/Downloads/sistema_tramites/backend/src/main/java/com/sistema/tramites/backend/DocumentoGeneradoService.java:[107,22] cannot find symbol
[ERROR]   symbol:   class PhysicalFont
[ERROR]   location: class com.sistema.tramites.backend.DocumentoGeneradoService
[ERROR] /C:/Users/daesloard/Downloads/sistema_tramites/backend/src/main/java/com/sistema/tramites/backend/DocumentoGeneradoService.java:[108,22] cannot find symbol
[ERROR]   symbol:   class PhysicalFont
[ERROR]   location: class com.sistema.tramites.backend.DocumentoGeneradoService
[ERROR] /C:/Users/daesloard/Downloads/sistema_tramites/backend/src/main/java/com/sistema/tramites/backend/DocumentoGeneradoService.java:[501,18] cannot find symbol
[ERROR]   symbol:   class MarcadorRegex
[ERROR]   location: class com.sistema.tramites.backend.DocumentoGeneradoService
[ERROR] /C:/Users/daesloard/Downloads/sistema_tramites/backend/src/main/java/com/sistema/tramites/backend/DocumentoGeneradoService.java:[154,36] cannot find symbol
[ERROR]   symbol:   variable HttpClient
[ERROR]   location: class com.sistema.tramites.backend.DocumentoGeneradoService
[ERROR] /C:/Users/daesloard/Downloads/sistema_tramites/backend/src/main/java/com/sistema/tramites/backend/DocumentoGeneradoService.java:[493,14] cannot find symbol
[ERROR]   symbol:   class MarcadorRegex
[ERROR]   location: class com.sistema.tramites.backend.DocumentoGeneradoService
[ERROR] /C:/Users/daesloard/Downloads/sistema_tramites/backend/src/main/java/com/sistema/tramites/backend/DocumentoGeneradoService.java:[494,14] cannot find symbol
[ERROR]   symbol:   class MarcadorRegex
[ERROR]   location: class com.sistema.tramites.backend.DocumentoGeneradoService
[ERROR] /C:/Users/daesloard/Downloads/sistema_tramites/backend/src/main/java/com/sistema/tramites/backend/DocumentoGeneradoService.java:[512,21] cannot find symbol
[ERROR]   symbol:   class MarcadorRegex
[ERROR]   location: class com.sistema.tramites.backend.DocumentoGeneradoService
[ERROR] /C:/Users/daesloard/Downloads/sistema_tramites/backend/src/main/java/com/sistema/tramites/backend/DocumentoGeneradoService.java:[513,21] cannot find symbol
[ERROR]   symbol:   class MarcadorRegex
[ERROR]   location: class com.sistema.tramites.backend.DocumentoGeneradoService
[ERROR] /C:/Users/daesloard/Downloads/sistema_tramites/backend/src/main/java/com/sistema/tramites/backend/DocumentoGeneradoService.java:[514,21] cannot find symbol
[ERROR]   symbol:   class MarcadorRegex
[ERROR]   location: class com.sistema.tramites.backend.DocumentoGeneradoService
[ERROR] /C:/Users/daesloard/Downloads/sistema_tramites/backend/src/main/java/com/sistema/tramites/backend/DocumentoGeneradoService.java:[515,21] cannot find symbol
[ERROR]   symbol:   class MarcadorRegex
[ERROR]   location: class com.sistema.tramites.backend.DocumentoGeneradoService
[ERROR] /C:/Users/daesloard/Downloads/sistema_tramites/backend/src/main/java/com/sistema/tramites/backend/DocumentoGeneradoService.java:[516,21] cannot find symbol
[ERROR]   symbol:   class MarcadorRegex
[ERROR]   location: class com.sistema.tramites.backend.DocumentoGeneradoService
[ERROR] /C:/Users/daesloard/Downloads/sistema_tramites/backend/src/main/java/com/sistema/tramites/backend/DocumentoGeneradoService.java:[517,21] cannot find symbol
[ERROR]   symbol:   class MarcadorRegex
[ERROR]   location: class com.sistema.tramites.backend.DocumentoGeneradoService
[ERROR] /C:/Users/daesloard/Downloads/sistema_tramites/backend/src/main/java/com/sistema/tramites/backend/DocumentoGeneradoService.java:[518,21] cannot find symbol
[ERROR]   symbol:   class MarcadorRegex
[ERROR]   location: class com.sistema.tramites.backend.DocumentoGeneradoService
[ERROR] /C:/Users/daesloard/Downloads/sistema_tramites/backend/src/main/java/com/sistema/tramites/backend/DocumentoGeneradoService.java:[519,21] cannot find symbol
[ERROR]   symbol:   class MarcadorRegex
[ERROR]   location: class com.sistema.tramites.backend.DocumentoGeneradoService
[ERROR] /C:/Users/daesloard/Downloads/sistema_tramites/backend/src/main/java/com/sistema/tramites/backend/DocumentoGeneradoService.java:[520,21] cannot find symbol
[ERROR]   symbol:   class MarcadorRegex
[ERROR]   location: class com.sistema.tramites.backend.DocumentoGeneradoService
[ERROR] /C:/Users/daesloard/Downloads/sistema_tramites/backend/src/main/java/com/sistema/tramites/backend/DocumentoGeneradoService.java:[521,21] cannot find symbol
[ERROR]   symbol:   class MarcadorRegex
[ERROR]   location: class com.sistema.tramites.backend.DocumentoGeneradoService
[ERROR] /C:/Users/daesloard/Downloads/sistema_tramites/backend/src/main/java/com/sistema/tramites/backend/DocumentoGeneradoService.java:[522,21] cannot find symbol
[ERROR]   symbol:   class MarcadorRegex
[ERROR]   location: class com.sistema.tramites.backend.DocumentoGeneradoService
[ERROR] /C:/Users/daesloard/Downloads/sistema_tramites/backend/src/main/java/com/sistema/tramites/backend/DocumentoGeneradoService.java:[523,21] cannot find symbol
[ERROR]   symbol:   class MarcadorRegex
[ERROR]   location: class com.sistema.tramites.backend.DocumentoGeneradoService
[ERROR] /C:/Users/daesloard/Downloads/sistema_tramites/backend/src/main/java/com/sistema/tramites/backend/DocumentoGeneradoService.java:[524,21] cannot find symbol
[ERROR]   symbol:   class MarcadorRegex
[ERROR]   location: class com.sistema.tramites.backend.DocumentoGeneradoService
[ERROR] /C:/Users/daesloard/Downloads/sistema_tramites/backend/src/main/java/com/sistema/tramites/backend/DocumentoGeneradoService.java:[525,21] cannot find symbol
[ERROR]   symbol:   class MarcadorRegex
[ERROR]   location: class com.sistema.tramites.backend.DocumentoGeneradoService
[ERROR] /C:/Users/daesloard/Downloads/sistema_tramites/backend/src/main/java/com/sistema/tramites/backend/DocumentoGeneradoService.java:[526,21] cannot find symbol
[ERROR]   symbol:   class MarcadorRegex
[ERROR]   location: class com.sistema.tramites.backend.DocumentoGeneradoService
[ERROR] /C:/Users/daesloard/Downloads/sistema_tramites/backend/src/main/java/com/sistema/tramites/backend/DocumentoGeneradoService.java:[527,21] cannot find symbol
[ERROR]   symbol:   class MarcadorRegex
[ERROR]   location: class com.sistema.tramites.backend.DocumentoGeneradoService
[ERROR] /C:/Users/daesloard/Downloads/sistema_tramites/backend/src/main/java/com/sistema/tramites/backend/DocumentoGeneradoService.java:[528,21] cannot find symbol
[ERROR]   symbol:   class MarcadorRegex
[ERROR]   location: class com.sistema.tramites.backend.DocumentoGeneradoService
[ERROR] /C:/Users/daesloard/Downloads/sistema_tramites/backend/src/main/java/com/sistema/tramites/backend/DocumentoGeneradoService.java:[529,21] cannot find symbol
[ERROR]   symbol:   class MarcadorRegex
[ERROR]   location: class com.sistema.tramites.backend.DocumentoGeneradoService
[ERROR] /C:/Users/daesloard/Downloads/sistema_tramites/backend/src/main/java/com/sistema/tramites/backend/DocumentoGeneradoService.java:[530,21] cannot find symbol
[ERROR]   symbol:   class MarcadorRegex
[ERROR]   location: class com.sistema.tramites.backend.DocumentoGeneradoService
[ERROR] /C:/Users/daesloard/Downloads/sistema_tramites/backend/src/main/java/com/sistema/tramites/backend/DocumentoGeneradoService.java:[761,14] cannot find symbol
[ERROR]   symbol:   class MarcadorRegex
[ERROR]   location: class com.sistema.tramites.backend.DocumentoGeneradoService
[ERROR] /C:/Users/daesloard/Downloads/sistema_tramites/backend/src/main/java/com/sistema/tramites/backend/DocumentoGeneradoService.java:[762,14] cannot find symbol
[ERROR]   symbol:   class MarcadorRegex
[ERROR]   location: class com.sistema.tramites.backend.DocumentoGeneradoService
[ERROR] -> [Help 1]
[ERROR] 
[ERROR] To see the full stack trace of the errors, re-run Maven with the -e switch.
[ERROR] Re-run Maven using the -X switch to enable full debug logging.
[ERROR] 
[ERROR] For more information about the errors and possible solutions, please read the following articles:
[ERROR] [Help 1] http://cwiki.apache.org/confluence/display/MAVEN/MojoFailureException
